This is pdfTeX, Version 3.14159265-2.6-1.40.15 (TeX Live 2015/dev/Debian) (preloaded format=pdflatex 2017.7.13)  13 JUL 2017 22:54
entering extended mode
 restricted \write18 enabled.
 %&-line parsing enabled.
**tcc_davidbrittojr.tex
(./tcc_davidbrittojr.tex
LaTeX2e <2014/05/01>
Babel <3.9l> and hyphenation patterns for 79 languages loaded.
(/usr/share/texlive/texmf-dist/tex/latex/base/book.cls
Document Class: book 2014/09/29 v1.4h Standard LaTeX document class
(/usr/share/texlive/texmf-dist/tex/latex/base/bk12.clo
File: bk12.clo 2014/09/29 v1.4h Standard LaTeX file (size option)
)
\c@part=\count79
\c@chapter=\count80
\c@section=\count81
\c@subsection=\count82
\c@subsubsection=\count83
\c@paragraph=\count84
\c@subparagraph=\count85
\c@figure=\count86
\c@table=\count87
\abovecaptionskip=\skip41
\belowcaptionskip=\skip42
\bibindent=\dimen102
) (./TesePack.tex
(/usr/share/texlive/texmf-dist/tex/latex/tools/layout.sty
Package: layout 2014/10/28 v1.2c Show layout parameters
\oneinch=\count88
\cnt@paperwidth=\count89
\cnt@paperheight=\count90
\cnt@hoffset=\count91
\cnt@voffset=\count92
\cnt@textheight=\count93
\cnt@textwidth=\count94
\cnt@topmargin=\count95
\cnt@oddsidemargin=\count96
\cnt@evensidemargin=\count97
\cnt@headheight=\count98
\cnt@headsep=\count99
\cnt@marginparsep=\count100
\cnt@marginparwidth=\count101
\cnt@marginparpush=\count102
\cnt@footskip=\count103
\fheight=\count104
\ref@top=\count105
\ref@hoffset=\count106
\ref@voffset=\count107
\ref@head=\count108
\ref@body=\count109
\ref@foot=\count110
\ref@margin=\count111
\ref@marginwidth=\count112
\ref@marginpar=\count113
\Interval=\count114
\ExtraYPos=\count115
\PositionX=\count116
\PositionY=\count117
\ArrowLength=\count118
)
(/usr/share/texlive/texmf-dist/tex/generic/babel/babel.sty
Package: babel 2014/09/25 3.9l The Babel package

(/usr/share/texlive/texmf-dist/tex/generic/babel-english/english.ldf
Language: english 2012/08/20 v3.3p English support from the babel system

(/usr/share/texlive/texmf-dist/tex/generic/babel/babel.def
File: babel.def 2014/09/25 3.9l Babel common definitions
\babel@savecnt=\count119
\U@D=\dimen103
)
\l@canadian = a dialect from \language\l@american 
\l@australian = a dialect from \language\l@british 
\l@newzealand = a dialect from \language\l@british 
)
(/usr/share/texlive/texmf-dist/tex/generic/babel-portuges/portuges.ldf
Language: portuges 2008/03/18 v1.2q Portuguese support from the babel system
\l@brazil = a dialect from \language\l@portuges 
Package babel Info: Making " an active character on input line 145.
))
(./pagina.sty) (./indentfirst.sty
Package: indentfirst 1994/05/23 v1.02 Indent first paragraph (DPC)
)
(/usr/share/texlive/texmf-dist/tex/latex/base/inputenc.sty
Package: inputenc 2014/04/30 v1.2b Input encoding file
\inpenc@prehook=\toks14
\inpenc@posthook=\toks15

(/usr/share/texlive/texmf-dist/tex/latex/base/latin1.def
File: latin1.def 2014/04/30 v1.2b Input encoding file
))
(/usr/share/texlive/texmf-dist/tex/latex/graphics/graphics.sty
Package: graphics 2009/02/05 v1.0o Standard LaTeX Graphics (DPC,SPQR)

(/usr/share/texlive/texmf-dist/tex/latex/graphics/trig.sty
Package: trig 1999/03/16 v1.09 sin cos tan (DPC)
)
(/usr/share/texlive/texmf-dist/tex/latex/latexconfig/graphics.cfg
File: graphics.cfg 2010/04/23 v1.9 graphics configuration of TeX Live
)
Package graphics Info: Driver file: pdftex.def on input line 91.

(/usr/share/texlive/texmf-dist/tex/latex/pdftex-def/pdftex.def
File: pdftex.def 2011/05/27 v0.06d Graphics/color for pdfTeX

(/usr/share/texlive/texmf-dist/tex/generic/oberdiek/infwarerr.sty
Package: infwarerr 2010/04/08 v1.3 Providing info/warning/error messages (HO)
)
(/usr/share/texlive/texmf-dist/tex/generic/oberdiek/ltxcmds.sty
Package: ltxcmds 2011/11/09 v1.22 LaTeX kernel commands for general use (HO)
)
\Gread@gobject=\count120
))
(/usr/share/texlive/texmf-dist/tex/latex/graphics/epsfig.sty
Package: epsfig 1999/02/16 v1.7a (e)psfig emulation (SPQR)

(/usr/share/texlive/texmf-dist/tex/latex/graphics/graphicx.sty
Package: graphicx 2014/04/25 v1.0g Enhanced LaTeX Graphics (DPC,SPQR)

(/usr/share/texlive/texmf-dist/tex/latex/graphics/keyval.sty
Package: keyval 2014/05/08 v1.15 key=value parser (DPC)
\KV@toks@=\toks16
)
\Gin@req@height=\dimen104
\Gin@req@width=\dimen105
)
\epsfxsize=\dimen106
\epsfysize=\dimen107
)
(/usr/share/texlive/texmf-dist/tex/latex/pstricks/pstricks.sty
Package: pstricks 2013/12/12 v0.60 LaTeX wrapper for `PSTricks' (RN,HV)

(/usr/share/texlive/texmf-dist/tex/generic/oberdiek/ifpdf.sty
Package: ifpdf 2011/01/30 v2.3 Provides the ifpdf switch (HO)
Package ifpdf Info: pdfTeX in PDF mode is detected.
)
(/usr/share/texlive/texmf-dist/tex/generic/pstricks/pstricks.tex
(/usr/share/texlive/texmf-dist/tex/generic/xkeyval/pst-xkey.tex
File: pst-xkey.tex 2005/11/25 v1.6 PSTricks specialization of xkeyval (HA)

(/usr/share/texlive/texmf-dist/tex/latex/xkeyval/xkeyval.sty
Package: xkeyval 2014/05/25 v2.7 package option processing (HA)

(/usr/share/texlive/texmf-dist/tex/generic/xkeyval/xkeyval.tex
(/usr/share/texlive/texmf-dist/tex/generic/xkeyval/xkvutils.tex
\XKV@toks=\toks17
\XKV@tempa@toks=\toks18
)
\XKV@depth=\count121
File: xkeyval.tex 2014/05/25 v2.7 key=value parser (HA)
)))
(/usr/share/texlive/texmf-dist/tex/generic/pstricks/pst-fp.tex
`pst-fp' v0.05, 2010/01/17 (hv)
\pstFP@xs=\count122
\pstFP@xia=\count123
\pstFP@xib=\count124
\pstFP@xfa=\count125
\pstFP@xfb=\count126
\pstFP@rega=\count127
\pstFP@regb=\count128
\pstFP@regs=\count129
\pstFP@times=\count130
)
(/usr/share/texlive/texmf-dist/tex/generic/pgf/utilities/pgfutil-common.tex
\pgfutil@everybye=\toks19
\pgfutil@tempdima=\dimen108
\pgfutil@tempdimb=\dimen109

(/usr/share/texlive/texmf-dist/tex/generic/pgf/utilities/pgfutil-common-lists.t
ex)) (/usr/share/texlive/texmf-dist/tex/generic/pgf/utilities/pgfkeys.code.tex
\pgfkeys@pathtoks=\toks20
\pgfkeys@temptoks=\toks21

(/usr/share/texlive/texmf-dist/tex/generic/pgf/utilities/pgfkeysfiltered.code.t
ex
\pgfkeys@tmptoks=\toks22
)) (/usr/share/texlive/texmf-dist/tex/generic/pgf/utilities/pgffor.code.tex
(/usr/share/texlive/texmf-dist/tex/generic/pgf/math/pgfmath.code.tex
(/usr/share/texlive/texmf-dist/tex/generic/pgf/math/pgfmathcalc.code.tex
(/usr/share/texlive/texmf-dist/tex/generic/pgf/math/pgfmathutil.code.tex
\pgf@x=\dimen110
\pgf@xa=\dimen111
\pgf@xb=\dimen112
\pgf@xc=\dimen113
\pgf@y=\dimen114
\pgf@ya=\dimen115
\pgf@yb=\dimen116
\pgf@yc=\dimen117
\c@pgf@counta=\count131
\c@pgf@countb=\count132
\c@pgf@countc=\count133
\c@pgf@countd=\count134
\pgfutil@tempcnta=\count135
\pgfutil@tempcntb=\count136
)
(/usr/share/texlive/texmf-dist/tex/generic/pgf/math/pgfmathparser.code.tex
\pgfmath@dimen=\dimen118
\pgfmath@count=\count137
\pgfmath@box=\box26
\pgfmath@toks=\toks23
\pgfmath@stack@operand=\toks24
\pgfmath@stack@operation=\toks25
)
(/usr/share/texlive/texmf-dist/tex/generic/pgf/math/pgfmathfunctions.code.tex
(/usr/share/texlive/texmf-dist/tex/generic/pgf/math/pgfmathfunctions.basic.code
.tex)
(/usr/share/texlive/texmf-dist/tex/generic/pgf/math/pgfmathfunctions.trigonomet
ric.code.tex)
(/usr/share/texlive/texmf-dist/tex/generic/pgf/math/pgfmathfunctions.random.cod
e.tex)
(/usr/share/texlive/texmf-dist/tex/generic/pgf/math/pgfmathfunctions.comparison
.code.tex)
(/usr/share/texlive/texmf-dist/tex/generic/pgf/math/pgfmathfunctions.base.code.
tex)
(/usr/share/texlive/texmf-dist/tex/generic/pgf/math/pgfmathfunctions.round.code
.tex)
(/usr/share/texlive/texmf-dist/tex/generic/pgf/math/pgfmathfunctions.misc.code.
tex)
(/usr/share/texlive/texmf-dist/tex/generic/pgf/math/pgfmathfunctions.integerari
thmetics.code.tex)))
(/usr/share/texlive/texmf-dist/tex/generic/pgf/math/pgfmathfloat.code.tex
\c@pgfmathroundto@lastzeros=\count138
))
\pgffor@iter=\dimen119
\pgffor@skip=\dimen120
\pgffor@stack=\toks26
\pgffor@toks=\toks27
)
\psLoopIndex=\count139

`PSTricks' v2.57  <2014/08/27> (tvz)
\pst@dima=\dimen121
\pst@dimb=\dimen122
\pst@dimc=\dimen123
\pst@dimd=\dimen124
\pst@dimg=\dimen125
\pst@dimh=\dimen126
\pst@dimm=\dimen127
\pst@dimn=\dimen128
\pst@dimo=\dimen129
\pst@dimp=\dimen130
\pst@hbox=\box27
\pst@ibox=\box28
\pst@boxg=\box29
\pst@cnta=\count140
\pst@cntb=\count141
\pst@cntc=\count142
\pst@cntd=\count143
\pst@cntg=\count144
\pst@cnth=\count145
\pst@cntm=\count146
\pst@cntn=\count147
\pst@cnto=\count148
\pst@cntp=\count149
\@zero=\count150
\pst@toks=\toks28
(/usr/share/texlive/texmf-dist/tex/generic/pstricks/pstricks.con)
\psunit=\dimen131
\psxunit=\dimen132
\psyunit=\dimen133
\pst@C@@rType=\count151
\pslinewidth=\dimen134
\psk@startLW=\dimen135
\psk@endLW=\dimen136
\pst@customdefs=\toks29
\pslinearc=\dimen137
\pst@symbolStep=\dimen138
\pst@symbolWidth=\dimen139
\pst@symbolLinewidth=\dimen140
\everypsbox=\toks30
\psframesep=\dimen141
\pslabelsep=\dimen142
\sh@wgridXunit=\dimen143
\sh@wgridYunit=\dimen144
\pst@shift=\dimen145
)
File: pstricks.tex 2014/08/27 v2.57 `PSTricks' (tvz,hv)

(/usr/share/texlive/texmf-dist/tex/generic/pstricks/pst-fp.tex)
File: pst-fp.tex 2014/08/27 v2.57 `PST-fp' (hv)

(/usr/share/texlive/texmf-dist/tex/latex/xcolor/xcolor.sty
Package: xcolor 2007/01/21 v2.11 LaTeX color extensions (UK)

(/usr/share/texlive/texmf-dist/tex/latex/latexconfig/color.cfg
File: color.cfg 2007/01/18 v1.5 color configuration of teTeX/TeXLive
)
Package xcolor Info: Driver file: pdftex.def on input line 225.
Package xcolor Info: Model `cmy' substituted by `cmy0' on input line 1337.
Package xcolor Info: Model `hsb' substituted by `rgb' on input line 1341.
Package xcolor Info: Model `RGB' extended on input line 1353.
Package xcolor Info: Model `HTML' substituted by `rgb' on input line 1355.
Package xcolor Info: Model `Hsb' substituted by `hsb' on input line 1356.
Package xcolor Info: Model `tHsb' substituted by `hsb' on input line 1357.
Package xcolor Info: Model `HSB' substituted by `hsb' on input line 1358.
Package xcolor Info: Model `Gray' substituted by `gray' on input line 1359.
Package xcolor Info: Model `wave' substituted by `hsb' on input line 1360.
))
(/usr/share/texlive/texmf-dist/tex/latex/pst-node/pst-node.sty
Package: pst-node 2012/09/18 v1.01 LaTeX wrapper for `pst-node' (HV)
Package: pst-node 2010/04/22 package wrapper for pst-node.tex

(/usr/share/texlive/texmf-dist/tex/generic/pst-node/pst-node.tex
 v1.35, 2014/08/04
\psrow=\count152
\pscol=\count153
\psmatrixcnt=\count154
\psrowsep=\skip43
\pscolsep=\skip44
\pst@args=\count155
\num@pts=\count156
\pst@argcnt=\count157
)
File: pst-node.tex 2014/08/04 1.35 `pst-node' (tvz,hv)
)
(/usr/share/texlive/texmf-dist/tex/latex/pst-tree/pst-tree.sty
Package: pst-tree 2009/01/25 package wrapper for pst-tree.tex

(/usr/share/texlive/texmf-dist/tex/generic/pst-tree/pst-tree.tex
 v1.12, 2011/02/28(tvz,dg,hv)
\pstree@rootbox=\box30
\pstree@box=\box31
\psnodecnt=\count158
\pstreelevel=\count159
\pstreecnt=\count160
\pstree@cnt=\count161
\pstree@stop=\count162
)
File: pst-tree.tex 2011/02/28 1.12 `pst-tree' (tvz,hv)
)
(/usr/share/texlive/texmf-dist/tex/latex/base/alltt.sty
Package: alltt 1997/06/16 v2.0g defines alltt environment
) (./rotating.sty
Package: rotating 94/04/15 2 SPQR

Style option: rotating 2 <94/04/15> (SPQR / LMB)
) (/usr/share/texlive/texmf-dist/tex/latex/tools/enumerate.sty
Package: enumerate 2014/10/28 v3.00 enumerate extensions (DPC)
\@enLab=\toks31
)
(/usr/share/texlive/texmf-dist/tex/latex/amsmath/amsmath.sty
Package: amsmath 2013/01/14 v2.14 AMS math features
\@mathmargin=\skip45

For additional information on amsmath, use the `?' option.
(/usr/share/texlive/texmf-dist/tex/latex/amsmath/amstext.sty
Package: amstext 2000/06/29 v2.01

(/usr/share/texlive/texmf-dist/tex/latex/amsmath/amsgen.sty
File: amsgen.sty 1999/11/30 v2.0
\@emptytoks=\toks32
\ex@=\dimen146
))
(/usr/share/texlive/texmf-dist/tex/latex/amsmath/amsbsy.sty
Package: amsbsy 1999/11/29 v1.2d
\pmbraise@=\dimen147
)
(/usr/share/texlive/texmf-dist/tex/latex/amsmath/amsopn.sty
Package: amsopn 1999/12/14 v2.01 operator names
)
\inf@bad=\count163
LaTeX Info: Redefining \frac on input line 210.
\uproot@=\count164
\leftroot@=\count165
LaTeX Info: Redefining \overline on input line 306.
\classnum@=\count166
\DOTSCASE@=\count167
LaTeX Info: Redefining \ldots on input line 378.
LaTeX Info: Redefining \dots on input line 381.
LaTeX Info: Redefining \cdots on input line 466.
\Mathstrutbox@=\box32
\strutbox@=\box33
\big@size=\dimen148
LaTeX Font Info:    Redeclaring font encoding OML on input line 566.
LaTeX Font Info:    Redeclaring font encoding OMS on input line 567.
\macc@depth=\count168
\c@MaxMatrixCols=\count169
\dotsspace@=\muskip10
\c@parentequation=\count170
\dspbrk@lvl=\count171
\tag@help=\toks33
\row@=\count172
\column@=\count173
\maxfields@=\count174
\andhelp@=\toks34
\eqnshift@=\dimen149
\alignsep@=\dimen150
\tagshift@=\dimen151
\tagwidth@=\dimen152
\totwidth@=\dimen153
\lineht@=\dimen154
\@envbody=\toks35
\multlinegap=\skip46
\multlinetaggap=\skip47
\mathdisplay@stack=\toks36
LaTeX Info: Redefining \[ on input line 2665.
LaTeX Info: Redefining \] on input line 2666.
)
(/usr/share/texlive/texmf-dist/tex/latex/amsfonts/amssymb.sty
Package: amssymb 2013/01/14 v3.01 AMS font symbols

(/usr/share/texlive/texmf-dist/tex/latex/amsfonts/amsfonts.sty
Package: amsfonts 2013/01/14 v3.01 Basic AMSFonts support
\symAMSa=\mathgroup4
\symAMSb=\mathgroup5
LaTeX Font Info:    Overwriting math alphabet `\mathfrak' in version `bold'
(Font)                  U/euf/m/n --> U/euf/b/n on input line 106.
))
(./portland.sty
\paperheight=\dimen155
\phoffset=\dimen156
\pvoffset=\dimen157
\ptextwidth=\dimen158
\ptextheight=\dimen159
\ptopmargin=\dimen160
\poddsidemargin=\dimen161
\pevensidemargin=\dimen162
\lhoffset=\dimen163
\lvoffset=\dimen164
\ltextwidth=\dimen165
\ltextheight=\dimen166
\ltopmargin=\dimen167
\loddsidemargin=\dimen168
\levensidemargin=\dimen169
) (/usr/share/texlive/texmf-dist/tex/latex/multirow/multirow.sty
\bigstrutjot=\dimen170
) (/usr/share/texlive/texmf-dist/tex/latex/algorithms/algorithm.sty
Package: algorithm 2009/08/24 v0.1 Document Style `algorithm' - floating enviro
nment

(/usr/share/texlive/texmf-dist/tex/latex/float/float.sty
Package: float 2001/11/08 v1.3d Float enhancements (AL)
\c@float@type=\count175
\float@exts=\toks37
\float@box=\box34
\@float@everytoks=\toks38
\@floatcapt=\box35
)
(/usr/share/texlive/texmf-dist/tex/latex/base/ifthen.sty
Package: ifthen 2014/09/29 v1.1c Standard LaTeX ifthen package (DPC)
)
\@float@every@algorithm=\toks39
\c@algorithm=\count176
)
(/usr/share/texlive/texmf-dist/tex/latex/algorithmicx/algpseudocode.sty
Package: algpseudocode 

(/usr/share/texlive/texmf-dist/tex/latex/algorithmicx/algorithmicx.sty
Package: algorithmicx 2005/04/27 v1.2 Algorithmicx

Document Style algorithmicx 1.2 - a greatly improved `algorithmic' style
\c@ALG@line=\count177
\c@ALG@rem=\count178
\c@ALG@nested=\count179
\ALG@tlm=\skip48
\ALG@thistlm=\skip49
\c@ALG@Lnr=\count180
\c@ALG@blocknr=\count181
\c@ALG@storecount=\count182
\c@ALG@tmpcounter=\count183
\ALG@tmplength=\skip50
)
Document Style - pseudocode environments for use with the `algorithmicx' style
) (/usr/share/texlive/texmf-dist/tex/latex/subfig/subfig.sty
Package: subfig 2005/06/28 ver: 1.3 subfig package

(/usr/share/texlive/texmf-dist/tex/latex/caption/caption3.sty
Package: caption3 2013/05/02 v1.6-88 caption3 kernel (AR)
Package caption3 Info: TeX engine: e-TeX on input line 57.
\captionmargin=\dimen171
\captionmargin@=\dimen172
\captionwidth=\dimen173
\caption@tempdima=\dimen174
\caption@indent=\dimen175
\caption@parindent=\dimen176
\caption@hangindent=\dimen177
)
\c@KVtest=\count184
\sf@farskip=\skip51
\sf@captopadj=\dimen178
\sf@capskip=\skip52
\sf@nearskip=\skip53
\c@subfigure=\count185
\c@subfigure@save=\count186
\c@lofdepth=\count187
\c@subtable=\count188
\c@subtable@save=\count189
\c@lotdepth=\count190
\sf@top=\skip54
\sf@bottom=\skip55
))
(/usr/share/texlive/texmf-dist/tex/latex/tools/longtable.sty
Package: longtable 2014/10/28 v4.11 Multi-page Table package (DPC)
\LTleft=\skip56
\LTright=\skip57
\LTpre=\skip58
\LTpost=\skip59
\LTchunksize=\count191
\LTcapwidth=\dimen179
\LT@head=\box36
\LT@firsthead=\box37
\LT@foot=\box38
\LT@lastfoot=\box39
\LT@cols=\count192
\LT@rows=\count193
\c@LT@tables=\count194
\c@LT@chunks=\count195
\LT@p@ftn=\toks40
)
(./tcc_davidbrittojr.aux)
\openout1 = `tcc_davidbrittojr.aux'.

LaTeX Font Info:    Checking defaults for OML/cmm/m/it on input line 4.
LaTeX Font Info:    ... okay on input line 4.
LaTeX Font Info:    Checking defaults for T1/cmr/m/n on input line 4.
LaTeX Font Info:    ... okay on input line 4.
LaTeX Font Info:    Checking defaults for OT1/cmr/m/n on input line 4.
LaTeX Font Info:    ... okay on input line 4.
LaTeX Font Info:    Checking defaults for OMS/cmsy/m/n on input line 4.
LaTeX Font Info:    ... okay on input line 4.
LaTeX Font Info:    Checking defaults for OMX/cmex/m/n on input line 4.
LaTeX Font Info:    ... okay on input line 4.
LaTeX Font Info:    Checking defaults for U/cmr/m/n on input line 4.
LaTeX Font Info:    ... okay on input line 4.

(/usr/share/texlive/texmf-dist/tex/context/base/supp-pdf.mkii
[Loading MPS to PDF converter (version 2006.09.02).]
\scratchcounter=\count196
\scratchdimen=\dimen180
\scratchbox=\box40
\nofMPsegments=\count197
\nofMParguments=\count198
\everyMPshowfont=\toks41
\MPscratchCnt=\count199
\MPscratchDim=\dimen181
\MPnumerator=\count200
\makeMPintoPDFobject=\count201
\everyMPtoPDFconversion=\toks42
) (/usr/share/texlive/texmf-dist/tex/generic/oberdiek/pdftexcmds.sty
Package: pdftexcmds 2011/11/29 v0.20 Utility functions of pdfTeX for LuaTeX (HO
)

(/usr/share/texlive/texmf-dist/tex/generic/oberdiek/ifluatex.sty
Package: ifluatex 2010/03/01 v1.3 Provides the ifluatex switch (HO)
Package ifluatex Info: LuaTeX not detected.
)
Package pdftexcmds Info: LuaTeX not detected.
Package pdftexcmds Info: \pdf@primitive is available.
Package pdftexcmds Info: \pdf@ifprimitive is available.
Package pdftexcmds Info: \pdfdraftmode found.
)
(/usr/share/texlive/texmf-dist/tex/latex/oberdiek/epstopdf-base.sty
Package: epstopdf-base 2010/02/09 v2.5 Base part for package epstopdf

(/usr/share/texlive/texmf-dist/tex/latex/oberdiek/grfext.sty
Package: grfext 2010/08/19 v1.1 Manage graphics extensions (HO)

(/usr/share/texlive/texmf-dist/tex/generic/oberdiek/kvdefinekeys.sty
Package: kvdefinekeys 2011/04/07 v1.3 Define keys (HO)
))
(/usr/share/texlive/texmf-dist/tex/latex/oberdiek/kvoptions.sty
Package: kvoptions 2011/06/30 v3.11 Key value format for package options (HO)

(/usr/share/texlive/texmf-dist/tex/generic/oberdiek/kvsetkeys.sty
Package: kvsetkeys 2012/04/25 v1.16 Key value parser (HO)

(/usr/share/texlive/texmf-dist/tex/generic/oberdiek/etexcmds.sty
Package: etexcmds 2011/02/16 v1.5 Avoid name clashes with e-TeX commands (HO)
Package etexcmds Info: Could not find \expanded.
(etexcmds)             That can mean that you are not using pdfTeX 1.50 or
(etexcmds)             that some package has redefined \expanded.
(etexcmds)             In the latter case, load this package earlier.
)))
Package grfext Info: Graphics extension search list:
(grfext)             [.png,.pdf,.jpg,.mps,.jpeg,.jbig2,.jb2,.PNG,.PDF,.JPG,.JPE
G,.JBIG2,.JB2,.eps]
(grfext)             \AppendGraphicsExtensions on input line 452.

(/usr/share/texlive/texmf-dist/tex/latex/latexconfig/epstopdf-sys.cfg
File: epstopdf-sys.cfg 2010/07/13 v1.3 Configuration of (r)epstopdf for TeX Liv
e
))
Package caption Info: Begin \AtBeginDocument code.
Package caption Info: subfig package v1.3 is loaded.
Package caption Info: End \AtBeginDocument code.

(./Capa.tex
Package epstopdf Info: Source file: <./figuras/Poli.eps>
(epstopdf)                    date: 2017-06-30 13:33:02
(epstopdf)                    size: 546883 bytes
(epstopdf)             Output file: <./figuras/Poli-eps-converted-to.pdf>
(epstopdf)                    date: 2017-06-30 13:33:02
(epstopdf)                    size: 43853 bytes
(epstopdf)             Command: <repstopdf --outfile=./figuras/Poli-eps-convert
ed-to.pdf ./figuras/Poli.eps>
(epstopdf)             \includegraphics on input line 1.
Package epstopdf Info: Output file is already uptodate.

<./figuras/Poli-eps-converted-to.pdf, id=1, 130.4875pt x 139.52126pt>
File: ./figuras/Poli-eps-converted-to.pdf Graphic file (type pdf)

<use ./figuras/Poli-eps-converted-to.pdf>
Package pdftex.def Info: ./figuras/Poli-eps-converted-to.pdf used on input line
 1.
(pdftex.def)             Requested size: 91.3406pt x 97.6642pt.

Underfull \hbox (badness 10000) in paragraph at lines 10--10

 []

LaTeX Font Info:    Try loading font information for U+msa on input line 10.
(/usr/share/texlive/texmf-dist/tex/latex/amsfonts/umsa.fd
File: umsa.fd 2013/01/14 v3.01 AMS symbols A
)
LaTeX Font Info:    Try loading font information for U+msb on input line 10.

(/usr/share/texlive/texmf-dist/tex/latex/amsfonts/umsb.fd
File: umsb.fd 2013/01/14 v3.01 AMS symbols B
)
Overfull \hbox (2.61107pt too wide) in paragraph at lines 9--14
   $[]$
 []

[1
Non-PDF special ignored!
Non-PDF special ignored!
Non-PDF special ignored!
Non-PDF special ignored!
Non-PDF special ignored!


Non-PDF special ignored!
Non-PDF special ignored!
Non-PDF special ignored!
Non-PDF special ignored!

{/var/lib/texmf/fonts/map/pdftex/updmap/pdftex.map} <./figuras/Poli-eps-convert
ed-to.pdf>]
Overfull \hbox (1.744pt too wide) in paragraph at lines 32--33
\OT1/cmr/m/n/12 PROJETO DE GRADUA[][]AO SUB-ME-TIDO AO CORPO DO-CENTE DO CURSO
 []

) [2] (./Preambulo.tex
Underfull \hbox (badness 10000) in paragraph at lines 8--16

 []

[3] [4] [5] [6] [7] [8] [9]) (./tcc_davidbrittojr.toc [10

])
\tf@toc=\write3
\openout3 = `tcc_davidbrittojr.toc'.

 [11]
(./tcc_davidbrittojr.lof
Overfull \hbox (8.0961pt too wide) in paragraph at lines 4--4
 [][] []\OT1/cmr/m/n/10.95 Modelo de C^amera Furo-de-Agulha. Fonte: School of I
n-for-ma-tics/University 
 []

)
\tf@lof=\write4
\openout4 = `tcc_davidbrittojr.lof'.

 [12

] (./tcc_davidbrittojr.lot)
\tf@lot=\write5
\openout5 = `tcc_davidbrittojr.lot'.

 [13

]
Cap\'{\i }tulo 1.
(./cap1.tex [1



] [2]
LaTeX Font Info:    Try loading font information for OMS+cmr on input line 33.
 (/usr/share/texlive/texmf-dist/tex/latex/base/omscmr.fd
File: omscmr.fd 2014/09/29 v2.5h Standard LaTeX font definitions
)
LaTeX Font Info:    Font shape `OMS/cmr/m/n' in size <12> not available
(Font)              Font shape `OMS/cmsy/m/n' tried instead on input line 33.

[3]) [4]
Cap\'{\i }tulo 2.
(./cap2.tex [5

] [6] [7] [8] [9] [10] [11]
<./figuras/pin_hole_camera.png, id=96, 549.05125pt x 269.005pt>
File: ./figuras/pin_hole_camera.png Graphic file (type png)

<use ./figuras/pin_hole_camera.png>
Package pdftex.def Info: ./figuras/pin_hole_camera.png used on input line 151.
(pdftex.def)             Requested size: 384.33325pt x 188.3022pt.


LaTeX Warning: `h' float specifier changed to `ht'.

[12] <./figuras/beach_model_griffith.png, id=102, 529.0164pt x 224.037pt>
File: ./figuras/beach_model_griffith.png Graphic file (type png)

<use ./figuras/beach_model_griffith.png>
Package pdftex.def Info: ./figuras/beach_model_griffith.png used on input line 
170.
(pdftex.def)             Requested size: 423.2137pt x 179.22983pt.


LaTeX Warning: `h' float specifier changed to `ht'.

[13 <./figuras/pin_hole_camera.png>]) [14 <./figuras/beach_model_griffith.png (
PNG copy)>]
Cap\'{\i }tulo 3.
(./cap3.tex [15

]
<./figuras/diagrama_preprocessamento.png, id=113, 1209.51875pt x 357.335pt>
File: ./figuras/diagrama_preprocessamento.png Graphic file (type png)

<use ./figuras/diagrama_preprocessamento.png>
Package pdftex.def Info: ./figuras/diagrama_preprocessamento.png used on input 
line 22.
(pdftex.def)             Requested size: 426.78914pt x 126.08873pt.
 [16 <./figuras/diagrama_preprocessamento.png>] [17] <./figuras/timestack.jpg, 
id=121, 4213.7425pt x 722.7pt>
File: ./figuras/timestack.jpg Graphic file (type jpg)

<use ./figuras/timestack.jpg>
Package pdftex.def Info: ./figuras/timestack.jpg used on input line 51.
(pdftex.def)             Requested size: 426.79134pt x 73.18951pt.
 [18 <./figuras/timestack.jpg>]

LaTeX Warning: Reference `FigTimestackFail' on page 19 undefined on input line 
76.


LaTeX Warning: Reference `FigTimestackFail' on page 19 undefined on input line 
76.

[19] <./figuras/simpletimestack_canny.jpg, id=129, 1284.8pt x 722.7pt>
File: ./figuras/simpletimestack_canny.jpg Graphic file (type jpg)

<use ./figuras/simpletimestack_canny.jpg>
Package pdftex.def Info: ./figuras/simpletimestack_canny.jpg used on input line
 91.
(pdftex.def)             Requested size: 341.43436pt x 192.05493pt.

<./figuras/simpletimestack_sky_removed.jpg, id=130, 1284.8pt x 722.7pt>
File: ./figuras/simpletimestack_sky_removed.jpg Graphic file (type jpg)

<use ./figuras/simpletimestack_sky_removed.jpg>
Package pdftex.def Info: ./figuras/simpletimestack_sky_removed.jpg used on inpu
t line 102.
(pdftex.def)             Requested size: 341.43436pt x 192.05493pt.


LaTeX Warning: `h' float specifier changed to `ht'.

[20 <./figuras/simpletimestack_canny.jpg>]
<./figuras/diagrama_processamento.png, id=134, 1231.60126pt x 369.38pt>
File: ./figuras/diagrama_processamento.png Graphic file (type png)

<use ./figuras/diagrama_processamento.png>
Package pdftex.def Info: ./figuras/diagrama_processamento.png used on input lin
e 113.
(pdftex.def)             Requested size: 426.78217pt x 127.99986pt.
 [21 <./figuras/simpletimestack_sky_removed.jpg> <./figuras/diagrama_processame
nto.png>]
<./figuras/mainprocessing_breakzone_line.jpg, id=138, 2053.6725pt x 722.7pt>
File: ./figuras/mainprocessing_breakzone_line.jpg Graphic file (type jpg)

<use ./figuras/mainprocessing_breakzone_line.jpg>
Package pdftex.def Info: ./figuras/mainprocessing_breakzone_line.jpg used on in
put line 122.
(pdftex.def)             Requested size: 426.7715pt x 150.18352pt.

<./figuras/waveband_blur.png, id=139, 349.305pt x 147.55125pt>
File: ./figuras/waveband_blur.png Graphic file (type png)

<use ./figuras/waveband_blur.png>
Package pdftex.def Info: ./figuras/waveband_blur.png used on input line 133.
(pdftex.def)             Requested size: 341.43436pt x 144.23448pt.

<./figuras/waveband_no_blur.png, id=140, 349.305pt x 147.55125pt>
File: ./figuras/waveband_no_blur.png Graphic file (type png)

<use ./figuras/waveband_no_blur.png>
Package pdftex.def Info: ./figuras/waveband_no_blur.png used on input line 135.

(pdftex.def)             Requested size: 341.43436pt x 144.23448pt.


LaTeX Warning: `h' float specifier changed to `ht'.

[22 <./figuras/mainprocessing_breakzone_line.jpg>]

LaTeX Warning: Reference `FigThresholdFail' on page 23 undefined on input line 
146.

[23 <./figuras/waveband_blur.png> <./figuras/waveband_no_blur.png>]
<./figuras/waveband_threshold_150.png, id=149, 208.78pt x 144.54pt>
File: ./figuras/waveband_threshold_150.png Graphic file (type png)

<use ./figuras/waveband_threshold_150.png>
Package pdftex.def Info: ./figuras/waveband_threshold_150.png used on input lin
e 154.
(pdftex.def)             Requested size: 170.71393pt x 118.19272pt.

Underfull \hbox (badness 1629) in paragraph at lines 154--154
[]\OT1/cmr/m/n/10 (a) |\OT1/cmr/m/n/10.95 Regi~ao de es-puma de-tec-tada
 []

<./figuras/waveband_threshold_120.png, id=150, 208.78pt x 144.54pt>
File: ./figuras/waveband_threshold_120.png Graphic file (type png)

<use ./figuras/waveband_threshold_120.png>
Package pdftex.def Info: ./figuras/waveband_threshold_120.png used on input lin
e 156.
(pdftex.def)             Requested size: 170.71393pt x 118.19272pt.

Underfull \hbox (badness 1484) in paragraph at lines 156--156
[]\OT1/cmr/m/n/10 (b) |\OT1/cmr/m/n/10.95 Regi~ao de es-puma de-tec-tada
 []

[24 <./figuras/waveband_threshold_150.png> <./figuras/waveband_threshold_120.pn
g>]
Overfull \hbox (6.32051pt too wide) in paragraph at lines 170--170
[]\OT1/cmr/bx/n/17.28 An^^Salise e In-den-ti-fica^^Xc~ao das On-das Mar^^S^^Pti
mas 
 []

<./figuras/diagrama_analise.png, id=157, 1091.07625pt x 310.15875pt>
File: ./figuras/diagrama_analise.png Graphic file (type png)

<use ./figuras/diagrama_analise.png>
Package pdftex.def Info: ./figuras/diagrama_analise.png used on input line 176.

(pdftex.def)             Requested size: 426.78331pt x 121.3211pt.
 [25 <./figuras/diagrama_analise.png>]
[26] [27]
<./figuras/automato_identificacao_onda.png, id=168, 929.4725pt x 207.77625pt>
File: ./figuras/automato_identificacao_onda.png Graphic file (type png)

<use ./figuras/automato_identificacao_onda.png>
Package pdftex.def Info: ./figuras/automato_identificacao_onda.png used on inpu
t line 253.
(pdftex.def)             Requested size: 426.7825pt x 95.40385pt.
 [28 <./figuras/automato_identificacao_onda.png>]
<./figuras/process_waves_result.jpg, id=172, 4213.7425pt x 722.7pt>
File: ./figuras/process_waves_result.jpg Graphic file (type jpg)

<use ./figuras/process_waves_result.jpg>
Package pdftex.def Info: ./figuras/process_waves_result.jpg used on input line 
264.
(pdftex.def)             Requested size: 426.73555pt x 73.18951pt.
) [29 <./figuras/process_waves_result.jpg>]
Cap\'{\i }tulo 4.
[30

]
Cap\'{\i }tulo 5.
[31

]
Cap\'{\i }tulo 6.
[32

] (./tcc_davidbrittojr.bbl
Underfull \hbox (badness 10000) in paragraph at lines 5--8
[]\OT1/cmr/m/n/12 FUSIELLO, A., ``Ele-ments of Ge-o-me-tric Com-pu-ter Vi-sion'
',
 []


Overfull \hbox (66.39194pt too wide) in paragraph at lines 5--8
\OT1/cmr/m/n/12 http://homepages.inf.ed.ac.uk/rbf/CVonline/LOCAL[]COPIES/FUSIEL
LO4/tutorial.html,
 []


Underfull \hbox (badness 10000) in paragraph at lines 38--41
[]\OT1/cmr/m/n/12 SOUZA, R. D., ``http://ricosurf.com.br/boletim-das-ondas/zona
-oeste-
 []


Underfull \hbox (badness 1527) in paragraph at lines 38--41
\OT1/cmr/m/n/12 rj/praia-grumari/'', http://ricosurf.com.br/, 2017, (Acesso em 
06 Ju-nho
 []

[33


]
Underfull \hbox (badness 10000) in paragraph at lines 60--62
[]\OT1/cmr/m/n/12 HO, N., ``SIM-PLE VI-DEO STA-BI-LI-ZA-TION USING OPENCV'',
 []

) [34]
Ap\^endice A.
(./ApendiceA.tex) [35

]
Ap\^endice B.
(./ApendiceB.tex
Package epstopdf Info: Source file: <./figuras/Capa_do_Projeto_Final.eps>
(epstopdf)                    date: 2017-06-30 13:33:02
(epstopdf)                    size: 638238 bytes
(epstopdf)             Output file: <./figuras/Capa_do_Projeto_Final-eps-conver
ted-to.pdf>
(epstopdf)                    date: 2017-06-30 13:33:02
(epstopdf)                    size: 37079 bytes
(epstopdf)             Command: <repstopdf --outfile=./figuras/Capa_do_Projeto_
Final-eps-converted-to.pdf ./figuras/Capa_do_Projeto_Final.eps>
(epstopdf)             \includegraphics on input line 9.
Package epstopdf Info: Output file is already uptodate.

<./figuras/Capa_do_Projeto_Final-eps-converted-to.pdf, id=195, 420.57124pt x 52
0.94624pt>
File: ./figuras/Capa_do_Projeto_Final-eps-converted-to.pdf Graphic file (type p
df)
 <use ./figuras/Capa_do_Projeto_Final-eps-converted-to.pdf>
Package pdftex.def Info: ./figuras/Capa_do_Projeto_Final-eps-converted-to.pdf u
sed on input line 9.
(pdftex.def)             Requested size: 420.57022pt x 520.94498pt.

Overfull \hbox (50.6844pt too wide) in paragraph at lines 9--9
 [] 
 []

) [36

] [37 <./figuras/Capa_do_Projeto_Final-eps-converted-to.pdf>]
Ap\^endice C.
(./ApendiceC.tex) [38

] (./tcc_davidbrittojr.aux)

LaTeX Warning: There were undefined references.

 ) 
Here is how much of TeX's memory you used:
 12529 strings out of 493105
 208646 string characters out of 6137072
 289265 words of memory out of 5000000
 15709 multiletter control sequences out of 15000+600000
 12746 words of font info for 47 fonts, out of 8000000 for 9000
 1141 hyphenation exceptions out of 8191
 55i,10n,92p,1650b,477s stack positions out of 5000i,500n,10000p,200000b,80000s
</usr/share/texlive/texmf-dist/fonts/type1/public/amsfonts/cm/cmbx12.pfb></us
r/share/texlive/texmf-dist/fonts/type1/public/amsfonts/cm/cmbxti10.pfb></usr/sh
are/texlive/texmf-dist/fonts/type1/public/amsfonts/cm/cmcsc10.pfb></usr/share/t
exlive/texmf-dist/fonts/type1/public/amsfonts/cm/cmex10.pfb></usr/share/texlive
/texmf-dist/fonts/type1/public/amsfonts/cm/cmmi12.pfb></usr/share/texlive/texmf
-dist/fonts/type1/public/amsfonts/cm/cmmi8.pfb></usr/share/texlive/texmf-dist/f
onts/type1/public/amsfonts/cm/cmr10.pfb></usr/share/texlive/texmf-dist/fonts/ty
pe1/public/amsfonts/cm/cmr12.pfb></usr/share/texlive/texmf-dist/fonts/type1/pub
lic/amsfonts/cm/cmr6.pfb></usr/share/texlive/texmf-dist/fonts/type1/public/amsf
onts/cm/cmr8.pfb></usr/share/texlive/texmf-dist/fonts/type1/public/amsfonts/cm/
cmsy10.pfb></usr/share/texlive/texmf-dist/fonts/type1/public/amsfonts/cm/cmsy8.
pfb></usr/share/texlive/texmf-dist/fonts/type1/public/amsfonts/cm/cmti10.pfb></
usr/share/texlive/texmf-dist/fonts/type1/public/amsfonts/cm/cmti12.pfb>
Output written on tcc_davidbrittojr.pdf (51 pages, 2961920 bytes).
PDF statistics:
 305 PDF objects out of 1000 (max. 8388607)
 166 compressed objects within 2 object streams
 0 named destinations out of 1000 (max. 500000)
 86 words of extra memory for PDF output out of 10000 (max. 10000000)

